Build started 08/04/2015 14:05:31.
     1>Project "H:\PPAR\TP\TP6-7\template_vs2010.vcxproj" on node 2 (rebuild target(s)).
     1>_PrepareForClean:
         Deleting file "Win32/Debug/life.lastbuildstate".
       CudaClean:
         cmd.exe /C "C:\Users\12007163\AppData\Local\Temp\tmp737cb3ba158b4773b84937b0b122c2c4.cmd"
         "c:\Program Files\NVIDIA GPU Computing Toolkit\CUDA\v5.0\bin\nvcc.exe" -ccbin "C:\Program Files\Microsoft Visual Studio 10.0\VC\bin"  -I"./" -I"../../common/inc" -I"c:\Program Files\NVIDIA GPU Computing Toolkit\CUDA\v5.0\include" -I"c:\Program Files\NVIDIA GPU Computing Toolkit\CUDA\v5.0\include"  -G   --keep-dir "Debug" -maxrregcount=0  --machine 32 --compile -Xptxas=-v  -g   -DWIN32 -D_MBCS -Xcompiler "/EHsc /W3 /nologo /Od /Zi /RTC1 /MTd  " -o "Win32/Debug/life.cu.obj" "H:\PPAR\TP\TP6-7\life.cu" -clean
         
         H:\PPAR\TP\TP6-7>"c:\Program Files\NVIDIA GPU Computing Toolkit\CUDA\v5.0\bin\nvcc.exe" -ccbin "C:\Program Files\Microsoft Visual Studio 10.0\VC\bin"  -I"./" -I"../../common/inc" -I"c:\Program Files\NVIDIA GPU Computing Toolkit\CUDA\v5.0\include" -I"c:\Program Files\NVIDIA GPU Computing Toolkit\CUDA\v5.0\include"  -G   --keep-dir "Debug" -maxrregcount=0  --machine 32 --compile -Xptxas=-v  -g   -DWIN32 -D_MBCS -Xcompiler "/EHsc /W3 /nologo /Od /Zi /RTC1 /MTd  " -o "Win32/Debug/life.cu.obj" "H:\PPAR\TP\TP6-7\life.cu" -clean 
         Deleting file "Win32/Debug/life.cu.deps".
       CudaClean:
         cmd.exe /C "C:\Users\12007163\AppData\Local\Temp\tmp4fc0732b7c724b82a05a83d05a94e439.cmd"
         "c:\Program Files\NVIDIA GPU Computing Toolkit\CUDA\v5.0\bin\nvcc.exe" -ccbin "C:\Program Files\Microsoft Visual Studio 10.0\VC\bin"  -I"./" -I"../../common/inc" -I"c:\Program Files\NVIDIA GPU Computing Toolkit\CUDA\v5.0\include" -I"c:\Program Files\NVIDIA GPU Computing Toolkit\CUDA\v5.0\include"  -G   --keep-dir "Debug" -maxrregcount=0  --machine 32 --compile -Xptxas=-v  -g   -DWIN32 -D_MBCS -Xcompiler "/EHsc /W3 /nologo /Od /Zi /RTC1 /MTd  " -o "Win32/Debug/utils.cu.obj" "H:\PPAR\TP\TP6-7\utils.cu" -clean
         
         H:\PPAR\TP\TP6-7>"c:\Program Files\NVIDIA GPU Computing Toolkit\CUDA\v5.0\bin\nvcc.exe" -ccbin "C:\Program Files\Microsoft Visual Studio 10.0\VC\bin"  -I"./" -I"../../common/inc" -I"c:\Program Files\NVIDIA GPU Computing Toolkit\CUDA\v5.0\include" -I"c:\Program Files\NVIDIA GPU Computing Toolkit\CUDA\v5.0\include"  -G   --keep-dir "Debug" -maxrregcount=0  --machine 32 --compile -Xptxas=-v  -g   -DWIN32 -D_MBCS -Xcompiler "/EHsc /W3 /nologo /Od /Zi /RTC1 /MTd  " -o "Win32/Debug/utils.cu.obj" "H:\PPAR\TP\TP6-7\utils.cu" -clean 
         Deleting file "Win32/Debug/utils.cu.deps".
       InitializeBuildStatus:
         Creating "Win32/Debug/life.unsuccessfulbuild" because "AlwaysCreate" was specified.
       AddCudaCompileDeps:
         C:\Program Files\Microsoft Visual Studio 10.0\VC\bin\cl.exe /E /nologo /showIncludes /TP /D__CUDACC__ /DWIN32 /D_MBCS /I./ /I../../common/inc /I"c:\Program Files\NVIDIA GPU Computing Toolkit\CUDA\v5.0\include" /I"c:\Program Files\NVIDIA GPU Computing Toolkit\CUDA\v5.0\bin" /I"c:\Program Files\NVIDIA GPU Computing Toolkit\CUDA\v5.0\include" /I. /FIcuda_runtime.h /c H:\PPAR\TP\TP6-7\life.cu 
       AddCudaCompileDeps:
         C:\Program Files\Microsoft Visual Studio 10.0\VC\bin\cl.exe /E /nologo /showIncludes /TP /D__CUDACC__ /DWIN32 /D_MBCS /I./ /I../../common/inc /I"c:\Program Files\NVIDIA GPU Computing Toolkit\CUDA\v5.0\include" /I"c:\Program Files\NVIDIA GPU Computing Toolkit\CUDA\v5.0\bin" /I"c:\Program Files\NVIDIA GPU Computing Toolkit\CUDA\v5.0\include" /I. /FIcuda_runtime.h /c H:\PPAR\TP\TP6-7\utils.cu 
       CudaBuild:
         Compiling CUDA source file life.cu...
         cmd.exe /C "C:\Users\12007163\AppData\Local\Temp\tmp43360fee37c94485bb929bd37fdf455b.cmd"
         "c:\Program Files\NVIDIA GPU Computing Toolkit\CUDA\v5.0\bin\nvcc.exe" -gencode=arch=compute_10,code=\"sm_10,compute_10\" -gencode=arch=compute_20,code=\"sm_20,compute_20\" -gencode=arch=compute_30,code=\"sm_30,compute_30\" -gencode=arch=compute_35,code=\"sm_35,compute_35\" --use-local-env --cl-version 2010 -ccbin "C:\Program Files\Microsoft Visual Studio 10.0\VC\bin"  -I"./" -I"../../common/inc" -I"c:\Program Files\NVIDIA GPU Computing Toolkit\CUDA\v5.0\include" -I"c:\Program Files\NVIDIA GPU Computing Toolkit\CUDA\v5.0\include"  -G   --keep-dir "Debug" -maxrregcount=0  --machine 32 --compile -Xptxas=-v  -g   -DWIN32 -D_MBCS -Xcompiler "/EHsc /W3 /nologo /Od /Zi /RTC1 /MTd  " -o "Win32/Debug/life.cu.obj" "H:\PPAR\TP\TP6-7\life.cu"
         
         H:\PPAR\TP\TP6-7>"c:\Program Files\NVIDIA GPU Computing Toolkit\CUDA\v5.0\bin\nvcc.exe" -gencode=arch=compute_10,code=\"sm_10,compute_10\" -gencode=arch=compute_20,code=\"sm_20,compute_20\" -gencode=arch=compute_30,code=\"sm_30,compute_30\" -gencode=arch=compute_35,code=\"sm_35,compute_35\" --use-local-env --cl-version 2010 -ccbin "C:\Program Files\Microsoft Visual Studio 10.0\VC\bin"  -I"./" -I"../../common/inc" -I"c:\Program Files\NVIDIA GPU Computing Toolkit\CUDA\v5.0\include" -I"c:\Program Files\NVIDIA GPU Computing Toolkit\CUDA\v5.0\include"  -G   --keep-dir "Debug" -maxrregcount=0  --machine 32 --compile -Xptxas=-v  -g   -DWIN32 -D_MBCS -Xcompiler "/EHsc /W3 /nologo /Od /Zi /RTC1 /MTd  " -o "Win32/Debug/life.cu.obj" "H:\PPAR\TP\TP6-7\life.cu" 
         life.cu
     1>H:/PPAR/TP/TP6-7/life.cu(18): warning : variable "threads_per_block" was declared but never referenced
         
         life.cu
     1>H:/PPAR/TP/TP6-7/life.cu(18): warning : variable "threads_per_block" was declared but never referenced
         
         tmpxft_00000984_00000000-11_life.compute_10.cudafe1.gpu
         tmpxft_00000984_00000000-17_life.compute_10.cudafe2.gpu
         life.cu
     1>H:/PPAR/TP/TP6-7/life.cu(18): warning : variable "threads_per_block" was declared but never referenced
         
         tmpxft_00000984_00000000-8_life.compute_20.cudafe1.gpu
         tmpxft_00000984_00000000-21_life.compute_20.cudafe2.gpu
         life.cu
     1>H:/PPAR/TP/TP6-7/life.cu(18): warning : variable "threads_per_block" was declared but never referenced
         
         tmpxft_00000984_00000000-5_life.compute_30.cudafe1.gpu
         tmpxft_00000984_00000000-25_life.compute_30.cudafe2.gpu
         tmpxft_00000984_00000000-2_life.compute_35.cudafe1.gpu
         tmpxft_00000984_00000000-28_life.compute_35.cudafe2.gpu
         life.cu
     1>H:/PPAR/TP/TP6-7/life.cu(18): warning : variable "threads_per_block" was declared but never referenced
         
         ptxas : info : 0 bytes gmem
         ptxas : info : Compiling entry function '_Z11init_kernelPii' for 'sm_10'
         ptxas : info : Used 7 registers, 32 bytes smem, 20 bytes cmem[1]
         ptxas : info : Compiling entry function '_Z11life_kernelPiS_ii' for 'sm_10'
         ptxas : info : Used 19 registers, 32 bytes smem, 12 bytes cmem[1]
         life.cu
     1>H:/PPAR/TP/TP6-7/life.cu(18): warning : variable "threads_per_block" was declared but never referenced
         
         ptxas : info : 0 bytes gmem
         ptxas : info : Function properties for _Z9read_cellPiiiiijj
             0 bytes stack frame, 0 bytes spill stores, 0 bytes spill loads
         ptxas : info : Compiling entry function '_Z11life_kernelPiS_ii' for 'sm_20'
         ptxas : info : Function properties for _Z11life_kernelPiS_ii
             0 bytes stack frame, 0 bytes spill stores, 0 bytes spill loads
         ptxas : info : Used 29 registers, 48 bytes cmem[0]
         ptxas : info : Compiling entry function '_Z11init_kernelPii' for 'sm_20'
         ptxas : info : Function properties for _Z11init_kernelPii
             0 bytes stack frame, 0 bytes spill stores, 0 bytes spill loads
         ptxas : info : Used 9 registers, 40 bytes cmem[0]
         life.cu
     1>H:/PPAR/TP/TP6-7/life.cu(18): warning : variable "threads_per_block" was declared but never referenced
         
         ptxas : info : 0 bytes gmem
         ptxas : info : Function properties for _Z9read_cellPiiiiijj
             0 bytes stack frame, 0 bytes spill stores, 0 bytes spill loads
         ptxas : info : Compiling entry function '_Z11life_kernelPiS_ii' for 'sm_30'
         ptxas : info : Function properties for _Z11life_kernelPiS_ii
             0 bytes stack frame, 0 bytes spill stores, 0 bytes spill loads
         ptxas : info : Used 29 registers, 336 bytes cmem[0]
         ptxas : info : Compiling entry function '_Z11init_kernelPii' for 'sm_30'
         ptxas : info : Function properties for _Z11init_kernelPii
             0 bytes stack frame, 0 bytes spill stores, 0 bytes spill loads
         ptxas : info : Used 9 registers, 328 bytes cmem[0]
         life.cu
     1>H:/PPAR/TP/TP6-7/life.cu(18): warning : variable "threads_per_block" was declared but never referenced
         
         ptxas : info : 0 bytes gmem
         ptxas : info : Function properties for _Z9read_cellPiiiiijj
             0 bytes stack frame, 0 bytes spill stores, 0 bytes spill loads
         ptxas : info : Compiling entry function '_Z11life_kernelPiS_ii' for 'sm_35'
         ptxas : info : Function properties for _Z11life_kernelPiS_ii
             0 bytes stack frame, 0 bytes spill stores, 0 bytes spill loads
         ptxas : info : Used 29 registers, 336 bytes cmem[0]
         ptxas : info : Compiling entry function '_Z11init_kernelPii' for 'sm_35'
         ptxas : info : Function properties for _Z11init_kernelPii
             0 bytes stack frame, 0 bytes spill stores, 0 bytes spill loads
         ptxas : info : Used 9 registers, 328 bytes cmem[0]
         tmpxft_00000984_00000000-11_life.compute_10.cudafe1.cpp
         tmpxft_00000984_00000000-39_life.compute_10.ii
       CudaBuild:
         Skipping CUDA source file life_kernel.cu (excluded from build).
       CudaBuild:
         Compiling CUDA source file utils.cu...
         cmd.exe /C "C:\Users\12007163\AppData\Local\Temp\tmpd6bc427660ce49f6bb651a35135ecabf.cmd"
         "c:\Program Files\NVIDIA GPU Computing Toolkit\CUDA\v5.0\bin\nvcc.exe" -gencode=arch=compute_10,code=\"sm_10,compute_10\" --use-local-env --cl-version 2010 -ccbin "C:\Program Files\Microsoft Visual Studio 10.0\VC\bin"  -I"./" -I"../../common/inc" -I"c:\Program Files\NVIDIA GPU Computing Toolkit\CUDA\v5.0\include" -I"c:\Program Files\NVIDIA GPU Computing Toolkit\CUDA\v5.0\include"  -G   --keep-dir "Debug" -maxrregcount=0  --machine 32 --compile -Xptxas=-v  -g   -DWIN32 -D_MBCS -Xcompiler "/EHsc /W3 /nologo /Od /Zi /RTC1 /MTd  " -o "Win32/Debug/utils.cu.obj" "H:\PPAR\TP\TP6-7\utils.cu"
         
         H:\PPAR\TP\TP6-7>"c:\Program Files\NVIDIA GPU Computing Toolkit\CUDA\v5.0\bin\nvcc.exe" -gencode=arch=compute_10,code=\"sm_10,compute_10\" --use-local-env --cl-version 2010 -ccbin "C:\Program Files\Microsoft Visual Studio 10.0\VC\bin"  -I"./" -I"../../common/inc" -I"c:\Program Files\NVIDIA GPU Computing Toolkit\CUDA\v5.0\include" -I"c:\Program Files\NVIDIA GPU Computing Toolkit\CUDA\v5.0\include"  -G   --keep-dir "Debug" -maxrregcount=0  --machine 32 --compile -Xptxas=-v  -g   -DWIN32 -D_MBCS -Xcompiler "/EHsc /W3 /nologo /Od /Zi /RTC1 /MTd  " -o "Win32/Debug/utils.cu.obj" "H:\PPAR\TP\TP6-7\utils.cu" 
         utils.cu
     1>H:/PPAR/TP/TP6-7/utils.cu(39): warning : variable "timerStart" was declared but never referenced
         
         tmpxft_00000d24_00000000-2_utils.cudafe1.gpu
         tmpxft_00000d24_00000000-7_utils.cudafe2.gpu
         utils.cu
     1>H:/PPAR/TP/TP6-7/utils.cu(39): warning : variable "timerStart" was declared but never referenced
         
         ptxas : info : 0 bytes gmem
         ptxas : info : Compiling entry function '__cuda_dummy_entry__' for 'sm_10'
         ptxas : info : Used 0 registers
         tmpxft_00000d24_00000000-2_utils.cudafe1.cpp
         tmpxft_00000d24_00000000-12_utils.ii
         Deleting file "tmpxft_00000d24_00000000-8_utils.cpp3.o".
       Link:
         C:\Program Files\Microsoft Visual Studio 10.0\VC\bin\link.exe /ERRORREPORT:PROMPT /OUT:"win32/Debug//life.exe" /NOLOGO /LIBPATH:"c:\Program Files\NVIDIA GPU Computing Toolkit\CUDA\v5.0\lib\Win32" /LIBPATH:../../common/lib/Win32 cudart.lib kernel32.lib user32.lib gdi32.lib winspool.lib comdlg32.lib advapi32.lib shell32.lib ole32.lib oleaut32.lib uuid.lib odbc32.lib odbccp32.lib kernel32.lib user32.lib gdi32.lib winspool.lib comdlg32.lib advapi32.lib shell32.lib ole32.lib oleaut32.lib uuid.lib odbc32.lib odbccp32.lib /MANIFEST /ManifestFile:"Win32/Debug/life.exe.intermediate.manifest" /MANIFESTUAC:"level='asInvoker' uiAccess='false'" /DEBUG /PDB:"H:\PPAR\TP\TP6-7\win32\Debug\life.pdb" /SUBSYSTEM:CONSOLE /TLBID:1 /DYNAMICBASE /NXCOMPAT /IMPLIB:"win32/Debug/life.lib" /MACHINE:X86 Win32/Debug/life.cu.obj
         Win32/Debug/utils.cu.obj
         template_vs2010.vcxproj -> H:\PPAR\TP\TP6-7\win32/Debug/life.exe
       Manifest:
         C:\Program Files\Microsoft SDKs\Windows\v7.0A\bin\mt.exe /nologo /verbose /outputresource:"win32/Debug//life.exe;#1" /manifest Win32/Debug/life.exe.intermediate.manifest
       FinalizeBuildStatus:
         Deleting file "Win32/Debug/life.unsuccessfulbuild".
         Touching "Win32/Debug/life.lastbuildstate".
     1>Done Building Project "H:\PPAR\TP\TP6-7\template_vs2010.vcxproj" (rebuild target(s)).

Build succeeded.

Time Elapsed 00:00:36.09
